2025-10-27 00:00:09.686 DEBUG --- [l-1 housekeeper] com.zaxxer.hikari.pool.HikariPool        : HikariPool-1 - Pool stats (total=10, active=0, idle=10, waiting=0)
2025-10-27 00:00:09.686 DEBUG --- [l-1 housekeeper] com.zaxxer.hikari.pool.HikariPool        : HikariPool-1 - Fill pool skipped, pool has sufficient level or currently being filled.
2025-10-27 00:00:23.162 DEBUG --- [nnection closer] com.zaxxer.hikari.pool.PoolBase          : HikariPool-1 - Closing connection com.mysql.cj.jdbc.ConnectionImpl@50b71f40: (connection has passed maxLifetime)
2025-10-27 00:00:23.384 DEBUG --- [onnection adder] jdk.event.security                       : X509Certificate: Alg:SHA384withRSA, Serial:263a61a356ca5230337e5824f6d2c5e5d2e8366c, Subject:CN=mysql-3db5c258-1, O=116c39ae-7c56-40ae-a744-324d4e681b1c, ST=service, Issuer:CN=116c39ae-7c56-40ae-a744-324d4e681b1c GEN 1 Project CA, Key type:RSA, Length:3072, Cert Id:1528089527, Valid from:10/14/25, 1:25 PM, Valid until:1/12/28, 4:25 PM
2025-10-27 00:00:23.384 DEBUG --- [onnection adder] jdk.event.security                       : X509Certificate: Alg:SHA384withRSA, Serial:58db7138134fdd23146e018032bdd4666c9fc5bb, Subject:CN=116c39ae-7c56-40ae-a744-324d4e681b1c GEN 1 Project CA, Issuer:CN=116c39ae-7c56-40ae-a744-324d4e681b1c GEN 1 Project CA, Key type:RSA, Length:3072, Cert Id:1211769917, Valid from:5/23/25, 7:30 AM, Valid until:5/21/35, 7:30 AM
2025-10-27 00:00:23.384 DEBUG --- [onnection adder] jdk.event.security                       :  TLSHandshake: mysql-3db5c258-cangngoo123-1bf2.d.aivencloud.com:28331, TLSv1.3, TLS_AES_256_GCM_SHA384, 1528089527
2025-10-27 00:00:23.607 DEBUG --- [onnection adder] com.zaxxer.hikari.pool.HikariPool        : HikariPool-1 - Added connection com.mysql.cj.jdbc.ConnectionImpl@6b50f8e0
2025-10-27 00:00:23.654 DEBUG --- [onnection adder] com.zaxxer.hikari.pool.HikariPool        : HikariPool-1 - Connection not added, stats (total=10, active=0, idle=10, waiting=0)
2025-10-27 00:00:39.691 DEBUG --- [l-1 housekeeper] com.zaxxer.hikari.pool.HikariPool        : HikariPool-1 - Pool stats (total=10, active=0, idle=10, waiting=0)
2025-10-27 00:00:39.691 DEBUG --- [l-1 housekeeper] com.zaxxer.hikari.pool.HikariPool        : HikariPool-1 - Fill pool skipped, pool has sufficient level or currently being filled.
2025-10-27 00:01:09.698 DEBUG --- [l-1 housekeeper] com.zaxxer.hikari.pool.HikariPool        : HikariPool-1 - Pool stats (total=10, active=0, idle=10, waiting=0)
2025-10-27 00:01:09.698 DEBUG --- [l-1 housekeeper] com.zaxxer.hikari.pool.HikariPool        : HikariPool-1 - Fill pool skipped, pool has sufficient level or currently being filled.
2025-10-27 00:01:39.705 DEBUG --- [l-1 housekeeper] com.zaxxer.hikari.pool.HikariPool        : HikariPool-1 - Pool stats (total=10, active=0, idle=10, waiting=0)
2025-10-27 00:01:39.705 DEBUG --- [l-1 housekeeper] com.zaxxer.hikari.pool.HikariPool        : HikariPool-1 - Fill pool skipped, pool has sufficient level or currently being filled.
2025-10-27 00:02:09.710 DEBUG --- [l-1 housekeeper] com.zaxxer.hikari.pool.HikariPool        : HikariPool-1 - Pool stats (total=10, active=0, idle=10, waiting=0)
2025-10-27 00:02:09.710 DEBUG --- [l-1 housekeeper] com.zaxxer.hikari.pool.HikariPool        : HikariPool-1 - Fill pool skipped, pool has sufficient level or currently being filled.
2025-10-27 00:02:39.712 DEBUG --- [l-1 housekeeper] com.zaxxer.hikari.pool.HikariPool        : HikariPool-1 - Pool stats (total=10, active=0, idle=10, waiting=0)
2025-10-27 00:02:39.712 DEBUG --- [l-1 housekeeper] com.zaxxer.hikari.pool.HikariPool        : HikariPool-1 - Fill pool skipped, pool has sufficient level or currently being filled.
2025-10-27 00:02:41.297 DEBUG --- [ SIGINT handler] java.lang.Runtime                        : Runtime.exit() called with status: 130
java.lang.Throwable: Runtime.exit(130)
	at java.base/java.lang.Shutdown.logRuntimeExit(Shutdown.java:179)
	at java.base/java.lang.Shutdown.exit(Shutdown.java:160)
	at java.base/java.lang.Terminator$1.handle(Terminator.java:51)
	at java.base/jdk.internal.misc.Signal$1.run(Signal.java:218)
	at java.base/java.lang.Thread.run(Thread.java:1570)
2025-10-27 00:02:41.326 DEBUG --- [ionShutdownHook] o.s.b.a.ApplicationAvailabilityBean      : Application availability state ReadinessState changed from ACCEPTING_TRAFFIC to REFUSING_TRAFFIC
2025-10-27 00:02:41.338 DEBUG --- [ionShutdownHook] ConfigServletWebServerApplicationContext : Closing org.springframework.boot.web.servlet.context.AnnotationConfigServletWebServerApplicationContext@576a4f3d, started on Sun Oct 26 21:30:56 ICT 2025
2025-10-27 00:02:41.419 DEBUG --- [ionShutdownHook] o.s.c.support.DefaultLifecycleProcessor  : Stopping beans in phase 2147483647
2025-10-27 00:02:41.442 DEBUG --- [ionShutdownHook] o.s.d.r.l.RedisMessageListenerContainer  : Stopped RedisMessageListenerContainer
2025-10-27 00:02:41.443 DEBUG --- [ionShutdownHook] o.s.c.support.DefaultLifecycleProcessor  : Bean 'redisKeyValueAdapter' completed its stop procedure
2025-10-27 00:02:41.443 DEBUG --- [ionShutdownHook] o.s.c.support.DefaultLifecycleProcessor  : Stopping beans in phase 2147483547
2025-10-27 00:02:41.445 DEBUG --- [ionShutdownHook] o.s.c.support.DefaultLifecycleProcessor  : Bean 'org.springframework.kafka.config.internalKafkaListenerEndpointRegistry' completed its stop procedure
2025-10-27 00:02:41.445 DEBUG --- [ionShutdownHook] o.s.c.support.DefaultLifecycleProcessor  : Stopping beans in phase 2147482623
2025-10-27 00:02:41.489  INFO --- [ionShutdownHook] o.s.b.w.e.tomcat.GracefulShutdown        : Commencing graceful shutdown. Waiting for active requests to complete
2025-10-27 00:02:41.542  INFO --- [tomcat-shutdown] o.s.b.w.e.tomcat.GracefulShutdown        : Graceful shutdown complete
2025-10-27 00:02:41.542 DEBUG --- [tomcat-shutdown] o.s.c.support.DefaultLifecycleProcessor  : Bean 'webServerGracefulShutdown' completed its stop procedure
2025-10-27 00:02:41.542 DEBUG --- [ionShutdownHook] o.s.c.support.DefaultLifecycleProcessor  : Stopping beans in phase 2147481599
2025-10-27 00:02:41.573 DEBUG --- [ionShutdownHook] o.s.c.support.DefaultLifecycleProcessor  : Bean 'webServerStartStop' completed its stop procedure
2025-10-27 00:02:41.573 DEBUG --- [ionShutdownHook] o.s.c.support.DefaultLifecycleProcessor  : Stopping beans in phase 1073741823
2025-10-27 00:02:41.573 DEBUG --- [ionShutdownHook] o.s.c.support.DefaultLifecycleProcessor  : Bean 'applicationTaskExecutor' completed its stop procedure
2025-10-27 00:02:41.573 DEBUG --- [ionShutdownHook] o.s.c.support.DefaultLifecycleProcessor  : Stopping beans in phase 0
2025-10-27 00:02:41.607 DEBUG --- [ionShutdownHook] io.lettuce.core.AbstractRedisClient      : Initiate shutdown (100, 100, MILLISECONDS)
2025-10-27 00:02:41.872 DEBUG --- [ionShutdownHook] i.l.c.resource.DefaultClientResources    : Initiate shutdown (100, 100, MILLISECONDS)
2025-10-27 00:02:41.919 DEBUG --- [ionShutdownHook] i.l.c.r.DefaultEventLoopGroupProvider    : Initiate shutdown (100, 100, MILLISECONDS)
2025-10-27 00:02:42.062 DEBUG --- [ionShutdownHook] o.s.c.support.DefaultLifecycleProcessor  : Bean 'redisConnectionFactory' completed its stop procedure
2025-10-27 00:02:42.063 DEBUG --- [ionShutdownHook] o.s.c.support.DefaultLifecycleProcessor  : Successfully stopped bean 'refreshScopeLifecycle'
2025-10-27 00:02:42.063 DEBUG --- [ionShutdownHook] o.s.c.support.DefaultLifecycleProcessor  : Stopping beans in phase -2147483647
2025-10-27 00:02:42.067 DEBUG --- [ionShutdownHook] o.s.c.support.DefaultLifecycleProcessor  : Bean 'springBootLoggingLifecycle' completed its stop procedure
2025-10-27 00:02:42.067 DEBUG --- [ionShutdownHook] o.s.c.support.DefaultLifecycleProcessor  : Stopping beans in phase -2147483648
2025-10-27 00:02:42.072 DEBUG --- [ionShutdownHook] o.s.c.support.DefaultLifecycleProcessor  : Bean 'kafkaProducerFactory' completed its stop procedure
2025-10-27 00:02:42.082 DEBUG --- [ionShutdownHook] i.l.c.resource.DefaultClientResources    : Initiate shutdown (0, 2, SECONDS)
2025-10-27 00:02:42.083 DEBUG --- [ionShutdownHook] i.l.c.r.DefaultEventLoopGroupProvider    : Initiate shutdown (0, 2, SECONDS)
2025-10-27 00:02:42.086 DEBUG --- [ionShutdownHook] o.s.b.f.support.DisposableBeanAdapter    : Custom destroy method 'shutdown' on bean with name 'lettuceClientResources' completed asynchronously
2025-10-27 00:02:42.087 DEBUG --- [ionShutdownHook] o.s.s.concurrent.ThreadPoolTaskExecutor  : Shutting down ExecutorService 'applicationTaskExecutor'
2025-10-27 00:02:42.101 DEBUG --- [ionShutdownHook] o.s.j.e.a.AnnotationMBeanExporter        : Unregistering JMX-exposed beans on shutdown
2025-10-27 00:02:42.107 DEBUG --- [ionShutdownHook] o.s.j.e.a.AnnotationMBeanExporter        : Unregistering JMX-exposed beans
2025-10-27 00:02:42.110 DEBUG --- [ionShutdownHook] s.c.a.AnnotationConfigApplicationContext : Closing FeignClientFactory-profile-service, started on Sun Oct 26 21:31:13 ICT 2025, parent: org.springframework.boot.web.servlet.context.AnnotationConfigServletWebServerApplicationContext@576a4f3d
2025-10-27 00:02:42.120  INFO --- [ionShutdownHook] j.LocalContainerEntityManagerFactoryBean : Closing JPA EntityManagerFactory for persistence unit 'default'
2025-10-27 00:02:42.194  INFO --- [ionShutdownHook] com.zaxxer.hikari.HikariDataSource       : HikariPool-1 - Shutdown initiated...
2025-10-27 00:02:42.194 DEBUG --- [ionShutdownHook] com.zaxxer.hikari.pool.HikariPool        : HikariPool-1 - Before shutdown stats (total=10, active=0, idle=10, waiting=0)
2025-10-27 00:02:42.198 DEBUG --- [nnection closer] com.zaxxer.hikari.pool.PoolBase          : HikariPool-1 - Closing connection com.mysql.cj.jdbc.ConnectionImpl@34efbdbb: (connection evicted)
2025-10-27 00:02:42.235 DEBUG --- [nnection closer] com.zaxxer.hikari.pool.PoolBase          : HikariPool-1 - Closing connection com.mysql.cj.jdbc.ConnectionImpl@536807de: (connection evicted)
2025-10-27 00:02:42.272 DEBUG --- [nnection closer] com.zaxxer.hikari.pool.PoolBase          : HikariPool-1 - Closing connection com.mysql.cj.jdbc.ConnectionImpl@b6773a6: (connection evicted)
2025-10-27 00:02:42.310 DEBUG --- [nnection closer] com.zaxxer.hikari.pool.PoolBase          : HikariPool-1 - Closing connection com.mysql.cj.jdbc.ConnectionImpl@4a5a799d: (connection evicted)
2025-10-27 00:02:42.346 DEBUG --- [nnection closer] com.zaxxer.hikari.pool.PoolBase          : HikariPool-1 - Closing connection com.mysql.cj.jdbc.ConnectionImpl@7b5a16ae: (connection evicted)
2025-10-27 00:02:42.380 DEBUG --- [nnection closer] com.zaxxer.hikari.pool.PoolBase          : HikariPool-1 - Closing connection com.mysql.cj.jdbc.ConnectionImpl@238d3e20: (connection evicted)
2025-10-27 00:02:42.418 DEBUG --- [nnection closer] com.zaxxer.hikari.pool.PoolBase          : HikariPool-1 - Closing connection com.mysql.cj.jdbc.ConnectionImpl@62b0341b: (connection evicted)
2025-10-27 00:02:42.454 DEBUG --- [nnection closer] com.zaxxer.hikari.pool.PoolBase          : HikariPool-1 - Closing connection com.mysql.cj.jdbc.ConnectionImpl@53181192: (connection evicted)
2025-10-27 00:02:42.490 DEBUG --- [nnection closer] com.zaxxer.hikari.pool.PoolBase          : HikariPool-1 - Closing connection com.mysql.cj.jdbc.ConnectionImpl@43d986ab: (connection evicted)
2025-10-27 00:02:42.528 DEBUG --- [nnection closer] com.zaxxer.hikari.pool.PoolBase          : HikariPool-1 - Closing connection com.mysql.cj.jdbc.ConnectionImpl@6b50f8e0: (connection evicted)
2025-10-27 00:02:42.566 DEBUG --- [ionShutdownHook] com.zaxxer.hikari.pool.HikariPool        : HikariPool-1 - After shutdown stats (total=0, active=0, idle=0, waiting=0)
2025-10-27 00:02:42.566  INFO --- [ionShutdownHook] com.zaxxer.hikari.HikariDataSource       : HikariPool-1 - Shutdown completed.
