2025-10-27 00:02:41.283 DEBUG --- [ SIGINT handler] java.lang.Runtime                        : Runtime.exit() called with status: 130
java.lang.Throwable: Runtime.exit(130)
	at java.base/java.lang.Shutdown.logRuntimeExit(Shutdown.java:179)
	at java.base/java.lang.Shutdown.exit(Shutdown.java:160)
	at java.base/java.lang.Terminator$1.handle(Terminator.java:51)
	at java.base/jdk.internal.misc.Signal$1.run(Signal.java:218)
	at java.base/java.lang.Thread.run(Thread.java:1570)
2025-10-27 00:02:41.305 DEBUG --- [ionShutdownHook] o.s.b.a.ApplicationAvailabilityBean      : Application availability state ReadinessState changed from ACCEPTING_TRAFFIC to REFUSING_TRAFFIC
2025-10-27 00:02:41.315 DEBUG --- [ionShutdownHook] ConfigServletWebServerApplicationContext : Closing org.springframework.boot.web.servlet.context.AnnotationConfigServletWebServerApplicationContext@6c9c642a, started on Sun Oct 26 23:15:37 ICT 2025
2025-10-27 00:02:41.367 DEBUG --- [ionShutdownHook] o.s.c.support.DefaultLifecycleProcessor  : Stopping beans in phase 2147483647
2025-10-27 00:02:41.375 DEBUG --- [ionShutdownHook] o.s.d.r.l.RedisMessageListenerContainer  : Stopped RedisMessageListenerContainer
2025-10-27 00:02:41.378 DEBUG --- [ionShutdownHook] o.s.c.support.DefaultLifecycleProcessor  : Bean 'redisKeyValueAdapter' completed its stop procedure
2025-10-27 00:02:41.378 DEBUG --- [ionShutdownHook] o.s.c.support.DefaultLifecycleProcessor  : Stopping beans in phase 2147483547
2025-10-27 00:02:41.378 DEBUG --- [ionShutdownHook] o.s.c.support.DefaultLifecycleProcessor  : Bean 'org.springframework.kafka.config.internalKafkaListenerEndpointRegistry' completed its stop procedure
2025-10-27 00:02:41.378 DEBUG --- [ionShutdownHook] o.s.c.support.DefaultLifecycleProcessor  : Stopping beans in phase 2147482623
2025-10-27 00:02:41.389  INFO --- [ionShutdownHook] o.s.b.w.e.tomcat.GracefulShutdown        : Commencing graceful shutdown. Waiting for active requests to complete
2025-10-27 00:02:41.418  INFO --- [tomcat-shutdown] o.s.b.w.e.tomcat.GracefulShutdown        : Graceful shutdown complete
2025-10-27 00:02:41.418 DEBUG --- [tomcat-shutdown] o.s.c.support.DefaultLifecycleProcessor  : Bean 'webServerGracefulShutdown' completed its stop procedure
2025-10-27 00:02:41.418 DEBUG --- [ionShutdownHook] o.s.c.support.DefaultLifecycleProcessor  : Stopping beans in phase 2147481599
2025-10-27 00:02:41.430 DEBUG --- [ionShutdownHook] o.s.c.support.DefaultLifecycleProcessor  : Bean 'webServerStartStop' completed its stop procedure
2025-10-27 00:02:41.430 DEBUG --- [ionShutdownHook] o.s.c.support.DefaultLifecycleProcessor  : Stopping beans in phase 1073741823
2025-10-27 00:02:41.430 DEBUG --- [ionShutdownHook] o.s.c.support.DefaultLifecycleProcessor  : Bean 'applicationTaskExecutor' completed its stop procedure
2025-10-27 00:02:41.430 DEBUG --- [ionShutdownHook] o.s.c.support.DefaultLifecycleProcessor  : Stopping beans in phase 0
2025-10-27 00:02:41.680 DEBUG --- [ionShutdownHook] o.s.c.support.DefaultLifecycleProcessor  : Bean 'redisConnectionFactory' completed its stop procedure
2025-10-27 00:02:41.680 DEBUG --- [ionShutdownHook] o.s.c.support.DefaultLifecycleProcessor  : Successfully stopped bean 'refreshScopeLifecycle'
2025-10-27 00:02:41.680 DEBUG --- [ionShutdownHook] o.s.c.support.DefaultLifecycleProcessor  : Stopping beans in phase -2147483647
2025-10-27 00:02:41.684 DEBUG --- [ionShutdownHook] o.s.c.support.DefaultLifecycleProcessor  : Bean 'springBootLoggingLifecycle' completed its stop procedure
2025-10-27 00:02:41.684 DEBUG --- [ionShutdownHook] o.s.c.support.DefaultLifecycleProcessor  : Stopping beans in phase -2147483648
2025-10-27 00:02:41.690 DEBUG --- [ionShutdownHook] o.s.c.support.DefaultLifecycleProcessor  : Bean 'kafkaProducerFactory' completed its stop procedure
2025-10-27 00:02:41.708 DEBUG --- [ionShutdownHook] o.s.b.f.support.DisposableBeanAdapter    : Custom destroy method 'shutdown' on bean with name 'lettuceClientResources' completed asynchronously
2025-10-27 00:02:41.708 DEBUG --- [ionShutdownHook] o.s.s.concurrent.ThreadPoolTaskExecutor  : Shutting down ExecutorService 'applicationTaskExecutor'
2025-10-27 00:02:41.722 DEBUG --- [ionShutdownHook] s.c.a.AnnotationConfigApplicationContext : Closing FeignClientFactory-postService, started on Sun Oct 26 23:15:41 ICT 2025, parent: org.springframework.boot.web.servlet.context.AnnotationConfigServletWebServerApplicationContext@6c9c642a
2025-10-27 00:02:41.740 DEBUG --- [ionShutdownHook] o.s.j.e.a.AnnotationMBeanExporter        : Unregistering JMX-exposed beans on shutdown
2025-10-27 00:02:41.744 DEBUG --- [ionShutdownHook] o.s.j.e.a.AnnotationMBeanExporter        : Unregistering JMX-exposed beans
